# probe started at 1750000000 endpoint=http://localhost:8080/health
1750000000 pass 45
1750000005 pass 48
1750000010 pass 43
1750000015 pass 51
1750000020 pass 47
1750000025 pass 44
1750000030 pass 46
1750000035 pass 49
1750000040 pass 45
1750000045 pass 50
1750000050 pass 43
1750000055 pass 48
# exp 1 start — payment_latency inject
1750000060 fail 200 512
1750000065 fail 200 634
1750000070 fail 200 701
1750000075 fail 200 589
1750000080 fail 200 543
1750000085 fail 200 612
1750000090 fail 200 578
1750000095 fail 200 667
1750000100 fail 200 598
1750000105 fail 200 623
1750000110 fail 200 549
1750000115 fail 200 601
# exp 1 end — rollback
1750000120 pass 47
1750000125 pass 44
1750000130 pass 46
# cooldown
1750000180 pass 48
1750000185 pass 45
1750000190 pass 51
1750000195 pass 47
1750000200 pass 43
# exp 2 start — payment_packet_loss
1750000302 fail 500 89
1750000307 fail 500 123
1750000312 fail 000 2001
1750000317 fail 500 98
1750000322 fail 000 2001
1750000327 fail 500 112
1750000332 fail 000 2001
1750000337 fail 500 76
1750000342 fail 500 134
1750000347 fail 000 2001
1750000352 fail 500 89
# exp 2 end
1750000362 pass 46
1750000367 pass 49
1750000372 pass 44
# cooldown
1750000480 pass 46
1750000485 pass 44
1750000490 pass 48
# exp 3 start — inventory_pod_kill
1750000604 fail 000 2001
1750000609 fail 000 2001
1750000614 fail 000 2001
1750000619 pass 148
1750000624 pass 89
1750000629 pass 76
1750000634 fail 000 2001
1750000639 fail 000 2001
1750000644 pass 102
1750000649 pass 67
1750000654 pass 88
# exp 3 end
1750000784 pass 46
1750000789 pass 43
# cooldown
1750000906 pass 47
1750000911 pass 44
# exp 4 start — api_gateway_cpu_stress
1750000920 fail 200 723
1750000925 fail 200 845
1750000930 fail 200 934
1750000935 fail 200 889
1750000940 fail 200 1023
1750000945 fail 200 956
1750000950 fail 200 878
1750000955 fail 200 1101
1750000960 fail 200 942
1750000965 fail 200 812
# exp 4 end
1750000966 pass 52
1750000971 pass 48
# cooldown
1750001208 pass 46
# exp 5 start — payment_db_memory_fill
1750001208 fail 500 134
1750001213 fail 500 198
1750001218 fail 200 367
1750001223 fail 500 156
1750001228 fail 200 445
1750001233 fail 500 178
1750001238 fail 200 412
1750001243 fail 500 145
1750001248 fail 200 389
1750001253 fail 500 167
# exp 5 end
1750001268 pass 47
1750001273 pass 44
# cooldown
1750001510 pass 46
# exp 6 start — auth_svc_clock_skew (detector miss — clock skew silent)
1750001510 pass 48
1750001515 pass 45
1750001520 pass 51
1750001525 pass 49
1750001530 pass 46
1750001535 pass 44
1750001540 pass 50
1750001545 pass 48
1750001550 pass 47
1750001555 pass 43
1750001560 pass 49
1750001565 pass 51
# exp 6 end — probe stayed healthy, detector missed internal JWT failure
1750001570 pass 47
1750001575 pass 44
# cooldown
1750001812 pass 46
# exp 7 start — log_collector_disk_fill
1750001812 pass 48
1750001817 pass 45
1750001822 pass 46
1750001827 pass 50
1750001832 pass 44
1750001837 pass 47
# exp 7 end — probe unaffected (log-collector not in request path)
1750001842 pass 48
# cooldown
1750002114 pass 46
# exp 8 start — frontend_gateway_partition
1750002114 fail 000 2001
1750002119 fail 000 2001
1750002124 fail 000 2001
1750002129 fail 000 2001
1750002134 fail 000 2001
1750002139 fail 000 2001
# exp 8 end (30s partition)
1750002144 pass 52
1750002149 pass 48
1750002154 pass 46
# cooldown
1750002416 pass 47
# exp 9 start — dns_resolver_slow
1750002416 fail 200 2134
1750002421 pass 89
1750002426 fail 200 2089
1750002431 pass 76
1750002436 fail 200 2201
1750002441 pass 93
1750002446 fail 200 2067
1750002451 pass 84
1750002456 fail 200 2178
1750002461 pass 78
1750002466 fail 200 2145
# exp 9 end
1750002476 pass 47
1750002481 pass 44
# cooldown
1750002718 pass 46
# exp 10 start — checkout_retry_storm
1750002718 fail 500 123
1750002723 fail 500 145
1750002728 fail 500 134
1750002733 fail 500 156
1750002738 fail 500 129
1750002743 fail 500 167
1750002748 fail 500 143
1750002753 fail 500 138
1750002758 fail 500 159
1750002763 fail 500 147
1750002768 fail 500 134
1750002773 fail 500 162
1750002778 fail 500 141
1750002783 fail 500 155
1750002788 fail 500 148
1750002793 fail 500 137
1750002798 fail 500 161
# exp 10 end
1750002808 pass 48
1750002813 pass 45
1750002818 pass 47
1750002823 pass 51
1750002828 pass 44
